2022-12-31T10:30:24.709Z | [31merror[39m: /favicon.ico not found 
2022-12-31T10:30:39.044Z | [31merror[39m: /users not found 
2022-12-31T10:30:49.502Z | [31merror[39m: /users/me not found 
2022-12-31T10:32:32.972Z | [31merror[39m: /users not found 
2022-12-31T10:32:57.910Z | [31merror[39m: /users not found 
2022-12-31T10:34:04.169Z | [31merror[39m: /users not found 
2022-12-31T10:34:54.724Z | [31merror[39m: /api/users not found 
2022-12-31T10:35:05.948Z | [31merror[39m: Cannot read property 'id' of undefined 
2023-01-02T06:52:21.589Z | [31merror[39m: Unexpected token e in JSON at position 0 
2023-01-02T06:52:59.219Z | [31merror[39m: Unexpected token c in JSON at position 7 
2023-01-02T06:53:26.106Z | [31merror[39m: /api/request not found 
2023-01-02T06:54:38.498Z | [31merror[39m: Cannot read property 'error' of undefined 
2023-01-02T06:55:32.378Z | [31merror[39m: Cannot read property 'error' of undefined 
2023-01-02T07:09:12.358Z | [31merror[39m: Cannot read property 'error' of undefined 
2023-01-02T07:09:48.420Z | [31merror[39m: Cannot read property 'error' of undefined 
2023-01-02T07:24:26.528Z | [31merror[39m: Unexpected token u in JSON at position 2 
2023-01-02T07:24:47.686Z | [31merror[39m: Cannot read property 'error' of undefined 
2023-01-02T07:25:57.981Z | [31merror[39m: Cannot read property 'error' of undefined 
2023-01-02T07:26:41.892Z | [31merror[39m: Cannot read property 'error' of undefined 
2023-01-02T09:12:28.410Z | [31merror[39m: Cannot read property 'error' of undefined 
2023-01-02T09:13:07.481Z | [31merror[39m: Cannot read property 'error' of undefined 
2023-01-02T09:13:35.098Z | [31merror[39m: Cannot read property 'error' of undefined 
2023-01-02T09:17:20.363Z | [31merror[39m: Cannot read property 'error' of undefined 
2023-01-02T09:30:16.589Z | [31merror[39m: Cannot read property 'error' of undefined 
2023-01-02T09:44:24.738Z | [31merror[39m: Cannot read property 'error' of undefined 
2023-01-02T09:47:11.294Z | [31merror[39m: Cannot read property 'error' of undefined 
2023-01-02T09:52:44.794Z | [31merror[39m: Service "requestModel" was not found, looks like it was not registered in the container. Register it by calling Container.set("requestModel", ...) before using service. 
2023-01-02T09:53:43.246Z | [31merror[39m: Service "requestModel" was not found, looks like it was not registered in the container. Register it by calling Container.set("requestModel", ...) before using service. 
2023-01-02T09:54:30.940Z | [31merror[39m: Service "requestModel" was not found, looks like it was not registered in the container. Register it by calling Container.set("requestModel", ...) before using service. 
2023-01-02T09:56:49.799Z | [31merror[39m: this.logger.error is not a function 
2023-01-02T10:00:06.016Z | [31merror[39m: this.logger.error is not a function 
2023-01-02T12:05:49.652Z | [31merror[39m: Service "requestModel" was not found, looks like it was not registered in the container. Register it by calling Container.set("requestModel", ...) before using service. 
2023-01-02T12:22:32.286Z | [31merror[39m: Service "requestModel" was not found, looks like it was not registered in the container. Register it by calling Container.set("requestModel", ...) before using service. 
2023-01-02T12:32:25.069Z | [31merror[39m: Service "requestModel" was not found, looks like it was not registered in the container. Register it by calling Container.set("requestModel", ...) before using service. 
2023-01-02T12:34:46.691Z | [31merror[39m: Service "requestModel" was not found, looks like it was not registered in the container. Register it by calling Container.set("requestModel", ...) before using service. 
2023-01-02T12:39:01.526Z | [31merror[39m: Service "requestModel" was not found, looks like it was not registered in the container. Register it by calling Container.set("requestModel", ...) before using service. 
2023-01-02T12:39:58.294Z | [31merror[39m: Service "requestModel" was not found, looks like it was not registered in the container. Register it by calling Container.set("requestModel", ...) before using service. 
2023-01-02T14:01:32.417Z | [31merror[39m: /request not found 
2023-01-02T14:02:23.296Z | [31merror[39m: /request not found 
2023-01-03T07:31:21.975Z | [31merror[39m: Cannot read property 'plugin' of undefined 
2023-01-03T07:33:02.450Z | [31merror[39m: Cannot read property 'plugin' of undefined 
2023-01-03T07:33:43.388Z | [31merror[39m: Cannot read property 'plugin' of undefined 
2023-01-03T07:35:02.574Z | [31merror[39m: Cannot read property 'plugin' of undefined 
2023-01-03T07:39:00.275Z | [31merror[39m: An instance of UserSignupDto has failed the validation:
 - property email has failed the following constraints: isEmail 
2023-01-03T07:44:47.318Z | [31merror[39m: RegisterUser: Error jsonwebtoken 
2023-01-03T07:45:48.043Z | [31merror[39m: A user with username Raj already exists 
2023-01-03T07:45:56.499Z | [31merror[39m: RegisterUser: Error jsonwebtoken 
